TN:
SF:controllers\AuthController.js
FN:10,(anonymous_0)
FN:48,(anonymous_1)
FN:94,(anonymous_2)
FNF:3
FNH:3
FNDA:7,(anonymous_0)
FNDA:7,(anonymous_1)
FNDA:6,(anonymous_2)
DA:1,12
DA:3,12
DA:4,12
DA:5,12
DA:7,12
DA:11,7
DA:12,7
DA:14,7
DA:15,3
DA:21,4
DA:22,4
DA:23,1
DA:25,3
DA:27,3
DA:35,2
DA:44,5
DA:49,7
DA:50,7
DA:52,7
DA:53,2
DA:59,5
DA:60,4
DA:61,1
DA:64,3
DA:65,1
DA:68,2
DA:69,2
DA:70,1
DA:73,1
DA:78,1
DA:90,6
DA:95,6
DA:96,6
DA:98,6
DA:99,1
DA:106,5
DA:111,4
DA:112,4
DA:115,4
DA:117,3
DA:119,2
DA:120,1
DA:121,1
DA:125,1
DA:134,3
DA:139,3
DA:151,3
DA:156,12
LF:48
LH:48
BRDA:14,0,0,3
BRDA:14,0,1,4
BRDA:14,1,0,7
BRDA:14,1,1,6
BRDA:14,1,2,5
BRDA:22,2,0,1
BRDA:22,2,1,3
BRDA:52,3,0,2
BRDA:52,3,1,5
BRDA:52,4,0,7
BRDA:52,4,1,6
BRDA:60,5,0,1
BRDA:60,5,1,3
BRDA:64,6,0,1
BRDA:64,6,1,2
BRDA:69,7,0,1
BRDA:69,7,1,1
BRDA:98,8,0,1
BRDA:98,8,1,5
BRDA:117,9,0,2
BRDA:117,9,1,1
BRDA:119,10,0,1
BRDA:119,10,1,1
BRF:23
BRH:23
end_of_record
TN:
SF:controllers\CVAiController.js
FN:7,(anonymous_0)
FN:49,(anonymous_1)
FN:93,(anonymous_2)
FN:100,(anonymous_3)
FN:120,(anonymous_4)
FNF:5
FNH:5
FNDA:5,(anonymous_0)
FNDA:3,(anonymous_1)
FNDA:4,(anonymous_2)
FNDA:6,(anonymous_3)
FNDA:4,(anonymous_4)
DA:1,12
DA:2,12
DA:7,12
DA:8,5
DA:9,5
DA:12,5
DA:14,5
DA:15,4
DA:16,4
DA:17,4
DA:28,5
DA:31,4
DA:32,4
DA:33,4
DA:34,4
DA:37,4
DA:42,1
DA:49,12
DA:50,3
DA:51,3
DA:52,3
DA:54,3
DA:56,3
DA:57,0
DA:62,3
DA:64,3
DA:65,1
DA:71,2
DA:77,1
DA:78,1
DA:80,1
DA:86,1
DA:93,12
DA:94,4
DA:95,4
DA:97,4
DA:99,4
DA:100,6
DA:103,4
DA:108,3
DA:113,1
DA:120,12
DA:121,4
DA:122,4
DA:124,4
DA:126,4
DA:127,0
DA:132,4
DA:139,4
DA:142,3
DA:143,1
DA:144,1
DA:147,3
DA:153,1
DA:157,12
LF:55
LH:53
BRDA:14,0,0,4
BRDA:14,0,1,1
BRDA:14,1,0,5
BRDA:14,1,1,3
BRDA:16,2,0,4
BRDA:16,2,1,0
BRDA:16,3,0,4
BRDA:16,3,1,4
BRDA:18,4,0,4
BRDA:18,4,1,2
BRDA:18,4,2,1
BRDA:19,5,0,4
BRDA:19,5,1,4
BRDA:20,6,0,4
BRDA:20,6,1,4
BRDA:21,7,0,4
BRDA:21,7,1,4
BRDA:22,8,0,4
BRDA:22,8,1,4
BRDA:32,9,0,4
BRDA:32,9,1,0
BRDA:56,10,0,0
BRDA:56,10,1,3
BRDA:64,11,0,1
BRDA:64,11,1,2
BRDA:99,12,0,4
BRDA:99,12,1,0
BRDA:99,13,0,4
BRDA:99,13,1,4
BRDA:99,13,2,4
BRDA:100,14,0,6
BRDA:100,14,1,0
BRDA:104,15,0,4
BRDA:104,15,1,1
BRDA:126,16,0,0
BRDA:126,16,1,4
BRDA:133,17,0,4
BRDA:133,17,1,0
BRDA:142,18,0,1
BRDA:142,18,1,2
BRDA:150,19,0,1
BRDA:150,19,1,2
BRF:42
BRH:35
end_of_record
TN:
SF:controllers\InterviewController.js
FN:15,(anonymous_0)
FN:27,(anonymous_1)
FN:44,(anonymous_2)
FN:81,(anonymous_3)
FN:82,(anonymous_4)
FN:85,(anonymous_5)
FN:86,(anonymous_6)
FN:89,(anonymous_7)
FN:90,(anonymous_8)
FN:95,(anonymous_9)
FN:117,(anonymous_10)
FN:138,(anonymous_11)
FN:199,(anonymous_12)
FN:220,(anonymous_13)
FN:239,(anonymous_14)
FN:264,(anonymous_15)
FN:284,(anonymous_16)
FN:408,(anonymous_17)
FN:431,(anonymous_18)
FN:511,(anonymous_19)
FN:527,(anonymous_20)
FN:651,(anonymous_21)
FN:668,(anonymous_22)
FN:699,(anonymous_23)
FNF:24
FNH:21
FNDA:14,(anonymous_0)
FNDA:10,(anonymous_1)
FNDA:10,(anonymous_2)
FNDA:17,(anonymous_3)
FNDA:0,(anonymous_4)
FNDA:17,(anonymous_5)
FNDA:3,(anonymous_6)
FNDA:17,(anonymous_7)
FNDA:0,(anonymous_8)
FNDA:17,(anonymous_9)
FNDA:1,(anonymous_10)
FNDA:6,(anonymous_11)
FNDA:2,(anonymous_12)
FNDA:3,(anonymous_13)
FNDA:3,(anonymous_14)
FNDA:1,(anonymous_15)
FNDA:1,(anonymous_16)
FNDA:1,(anonymous_17)
FNDA:2,(anonymous_18)
FNDA:2,(anonymous_19)
FNDA:4,(anonymous_20)
FNDA:4,(anonymous_21)
FNDA:0,(anonymous_22)
FNDA:2,(anonymous_23)
DA:1,12
DA:3,12
DA:4,12
DA:7,12
DA:9,12
DA:10,12
DA:11,12
DA:12,12
DA:14,12
DA:16,14
DA:19,14
DA:20,4
DA:26,10
DA:27,10
DA:30,10
DA:31,1
DA:36,9
DA:38,9
DA:41,9
DA:42,8
DA:44,10
DA:47,8
DA:51,8
DA:53,8
DA:54,1
DA:59,7
DA:60,7
DA:63,7
DA:65,7
DA:66,1
DA:71,6
DA:79,6
DA:81,17
DA:82,0
DA:85,17
DA:86,3
DA:89,17
DA:90,0
DA:95,17
DA:107,6
DA:111,6
DA:113,1
DA:118,1
DA:119,1
DA:121,1
DA:122,1
DA:126,0
DA:128,0
DA:133,0
DA:134,0
DA:139,6
DA:140,6
DA:143,6
DA:145,6
DA:155,6
DA:163,4
DA:171,4
DA:177,2
DA:187,2
DA:189,2
DA:194,0
DA:195,0
DA:200,2
DA:201,2
DA:204,2
DA:210,2
DA:215,0
DA:216,0
DA:221,3
DA:222,3
DA:224,3
DA:226,2
DA:227,1
DA:232,1
DA:234,1
DA:235,1
DA:240,3
DA:241,3
DA:244,3
DA:246,3
DA:247,1
DA:253,2
DA:254,1
DA:261,1
DA:264,1
DA:271,1
DA:273,1
DA:284,1
DA:392,1
DA:397,1
DA:400,1
DA:404,1
DA:407,1
DA:408,1
DA:411,1
DA:412,1
DA:415,1
DA:421,1
DA:426,0
DA:427,0
DA:432,2
DA:433,2
DA:435,2
DA:439,2
DA:441,1
DA:465,1
DA:488,2
DA:493,2
DA:496,2
DA:499,0
DA:506,2
DA:507,2
DA:512,2
DA:513,2
DA:514,2
DA:516,2
DA:527,4
DA:635,2
DA:640,2
DA:643,2
DA:647,2
DA:650,2
DA:651,4
DA:654,2
DA:655,2
DA:657,2
DA:662,0
DA:663,0
DA:670,0
DA:673,0
DA:676,0
DA:677,0
DA:679,0
DA:690,0
DA:691,0
DA:692,0
DA:695,0
DA:696,0
DA:700,2
DA:702,2
DA:708,2
DA:709,2
DA:710,0
DA:713,0
LF:144
LH:117
BRDA:19,0,0,4
BRDA:19,0,1,10
BRDA:19,1,0,14
BRDA:19,1,1,13
BRDA:19,1,2,12
BRDA:19,1,3,11
BRDA:30,2,0,1
BRDA:30,2,1,9
BRDA:53,3,0,1
BRDA:53,3,1,7
BRDA:65,4,0,1
BRDA:65,4,1,6
BRDA:121,5,0,1
BRDA:121,5,1,0
BRDA:155,6,0,4
BRDA:155,6,1,2
BRDA:156,7,0,6
BRDA:156,7,1,6
BRDA:156,7,2,4
BRDA:156,7,3,4
BRDA:156,7,4,4
BRDA:156,7,5,3
BRDA:226,8,0,1
BRDA:226,8,1,1
BRDA:246,9,0,1
BRDA:246,9,1,2
BRDA:253,10,0,1
BRDA:253,10,1,1
BRDA:267,11,0,1
BRDA:267,11,1,0
BRDA:408,12,0,1
BRDA:408,12,1,0
BRDA:439,13,0,1
BRDA:439,13,1,1
BRDA:503,14,0,0
BRDA:503,14,1,0
BRDA:651,15,0,4
BRDA:651,15,1,0
BRDA:690,16,0,0
BRDA:690,16,1,0
BRDA:692,17,0,0
BRDA:692,17,1,0
BRF:42
BRH:32
end_of_record
TN:
SF:controllers\JobController.js
FN:5,(anonymous_0)
FN:58,(anonymous_1)
FN:85,(anonymous_2)
FN:102,(anonymous_3)
FNF:4
FNH:3
FNDA:9,(anonymous_0)
FNDA:4,(anonymous_1)
FNDA:5,(anonymous_2)
FNDA:0,(anonymous_3)
DA:1,12
DA:2,12
DA:6,9
DA:9,9
DA:12,9
DA:15,9
DA:16,4
DA:24,9
DA:25,1
DA:29,9
DA:30,1
DA:34,9
DA:40,9
DA:43,8
DA:54,1
DA:59,4
DA:60,4
DA:63,4
DA:65,2
DA:66,1
DA:72,1
DA:77,2
DA:78,2
DA:86,5
DA:87,5
DA:91,5
DA:93,5
DA:94,2
DA:102,3
DA:105,3
DA:106,1
DA:109,3
DA:110,1
DA:116,2
DA:119,2
DA:124,0
DA:125,0
DA:130,12
LF:38
LH:36
BRDA:9,0,0,8
BRDA:9,1,0,8
BRDA:15,2,0,4
BRDA:15,2,1,5
BRDA:24,3,0,1
BRDA:24,3,1,8
BRDA:29,4,0,1
BRDA:29,4,1,8
BRDA:65,5,0,1
BRDA:65,5,1,1
BRDA:93,6,0,2
BRDA:93,6,1,3
BRDA:93,7,0,5
BRDA:93,7,1,4
BRDA:105,8,0,1
BRDA:105,8,1,2
BRDA:109,9,0,1
BRDA:109,9,1,2
BRF:18
BRH:18
end_of_record
TN:
SF:controllers\PackageController.js
FN:5,(anonymous_0)
FN:19,(anonymous_1)
FN:40,(anonymous_2)
FNF:3
FNH:3
FNDA:3,(anonymous_0)
FNDA:3,(anonymous_1)
FNDA:5,(anonymous_2)
DA:2,12
DA:4,12
DA:6,3
DA:7,3
DA:9,2
DA:14,1
DA:15,1
DA:20,3
DA:21,3
DA:22,3
DA:24,2
DA:25,1
DA:30,1
DA:35,1
DA:36,1
DA:41,5
DA:42,5
DA:43,5
DA:45,4
DA:46,1
DA:51,3
DA:56,1
DA:57,1
LF:23
LH:23
BRDA:24,0,0,1
BRDA:24,0,1,1
BRDA:45,1,0,1
BRDA:45,1,1,3
BRF:4
BRH:4
end_of_record
TN:
SF:controllers\PaymentController.js
FN:9,(anonymous_0)
FN:24,(anonymous_1)
FN:95,(anonymous_2)
FN:195,(anonymous_3)
FN:252,(anonymous_4)
FN:264,(anonymous_5)
FN:327,(anonymous_6)
FNF:7
FNH:7
FNDA:1,(anonymous_0)
FNDA:3,(anonymous_1)
FNDA:9,(anonymous_2)
FNDA:4,(anonymous_3)
FNDA:5,(anonymous_4)
FNDA:12,(anonymous_5)
FNDA:1,(anonymous_6)
DA:1,12
DA:2,12
DA:3,12
DA:10,1
DA:11,1
DA:12,1
DA:17,0
DA:25,3
DA:26,3
DA:27,3
DA:30,3
DA:31,3
DA:32,1
DA:39,2
DA:40,2
DA:41,0
DA:48,2
DA:51,2
DA:58,2
DA:65,2
DA:76,1
DA:88,1
DA:96,9
DA:97,9
DA:98,9
DA:100,9
DA:103,9
DA:105,9
DA:112,9
DA:113,1
DA:114,1
DA:120,8
DA:123,8
DA:128,8
DA:130,8
DA:133,8
DA:134,8
DA:135,1
DA:142,7
DA:143,1
DA:144,1
DA:151,6
DA:156,6
DA:157,2
DA:158,1
DA:159,1
DA:160,1
DA:164,6
DA:167,6
DA:168,6
DA:169,6
DA:170,6
DA:171,6
DA:174,6
DA:175,3
DA:176,3
DA:177,3
DA:178,3
DA:179,3
DA:183,6
DA:188,0
DA:196,4
DA:197,4
DA:200,4
DA:201,3
DA:202,1
DA:209,2
DA:214,2
DA:218,2
DA:219,1
DA:220,1
DA:221,1
DA:224,1
DA:225,1
DA:226,1
DA:227,1
DA:228,1
DA:233,2
DA:245,1
DA:253,5
DA:254,5
DA:255,5
DA:257,5
DA:263,5
DA:264,5
DA:265,12
DA:268,7
DA:269,7
DA:272,7
DA:275,5
DA:276,3
DA:278,3
DA:282,1
DA:287,1
DA:288,1
DA:289,1
DA:290,1
DA:291,1
DA:295,2
DA:296,1
DA:297,1
DA:298,1
DA:300,1
DA:306,5
DA:311,5
DA:313,5
DA:320,0
DA:328,1
DA:329,1
DA:330,1
DA:332,1
DA:333,0
DA:339,1
DA:346,0
DA:351,12
LF:115
LH:109
BRDA:31,0,0,1
BRDA:31,0,1,2
BRDA:40,1,0,0
BRDA:40,1,1,2
BRDA:54,2,0,2
BRDA:54,2,1,0
BRDA:112,3,0,1
BRDA:112,3,1,8
BRDA:134,4,0,1
BRDA:134,4,1,7
BRDA:142,5,0,1
BRDA:142,5,1,6
BRDA:156,6,0,2
BRDA:156,6,1,4
BRDA:157,7,0,1
BRDA:157,7,1,1
BRDA:159,8,0,1
BRDA:159,8,1,0
BRDA:174,9,0,3
BRDA:174,9,1,3
BRDA:176,10,0,3
BRDA:176,10,1,0
BRDA:201,11,0,1
BRDA:201,11,1,2
BRDA:218,12,0,1
BRDA:218,12,1,1
BRDA:224,13,0,1
BRDA:224,13,1,0
BRDA:226,14,0,1
BRDA:226,14,1,0
BRDA:255,15,0,4
BRDA:255,16,0,4
BRDA:265,17,0,5
BRDA:265,17,1,7
BRDA:287,18,0,1
BRDA:287,18,1,0
BRDA:295,19,0,1
BRDA:295,19,1,1
BRDA:295,20,0,2
BRDA:295,20,1,1
BRDA:332,21,0,0
BRDA:332,21,1,1
BRF:42
BRH:34
end_of_record
TN:
SF:controllers\PdfController.js
FN:7,(anonymous_0)
FN:35,(anonymous_1)
FNF:2
FNH:2
FNDA:4,(anonymous_0)
FNDA:7,(anonymous_1)
DA:1,12
DA:2,12
DA:7,12
DA:8,4
DA:9,4
DA:11,4
DA:13,4
DA:14,0
DA:19,4
DA:25,3
DA:26,3
DA:28,1
DA:35,12
DA:36,7
DA:37,7
DA:39,7
DA:47,7
DA:48,1
DA:50,6
DA:51,6
DA:52,0
DA:56,6
DA:59,7
DA:60,1
DA:66,6
DA:68,6
DA:73,5
DA:78,5
DA:80,5
DA:81,5
DA:82,5
DA:84,5
DA:86,1
DA:87,1
DA:91,12
LF:35
LH:33
BRDA:13,0,0,0
BRDA:13,0,1,4
BRDA:22,1,0,4
BRDA:22,1,1,3
BRDA:47,2,0,1
BRDA:47,2,1,6
BRDA:51,3,0,0
BRDA:51,3,1,6
BRDA:59,4,0,1
BRDA:59,4,1,6
BRDA:59,5,0,7
BRDA:59,5,1,7
BRDA:69,6,0,6
BRDA:69,6,1,4
BRDA:73,7,0,5
BRDA:73,7,1,0
BRDA:73,7,2,0
BRF:17
BRH:13
end_of_record
TN:
SF:controllers\ProfileController.js
FN:3,(anonymous_0)
FN:31,(anonymous_1)
FN:92,(anonymous_2)
FN:135,(anonymous_3)
FN:157,(anonymous_4)
FN:175,(anonymous_5)
FN:202,(anonymous_6)
FN:253,(anonymous_7)
FN:274,(anonymous_8)
FN:292,(anonymous_9)
FN:319,(anonymous_10)
FN:352,(anonymous_11)
FNF:12
FNH:12
FNDA:3,(anonymous_0)
FNDA:3,(anonymous_1)
FNDA:6,(anonymous_2)
FNDA:2,(anonymous_3)
FNDA:2,(anonymous_4)
FNDA:1,(anonymous_5)
FNDA:3,(anonymous_6)
FNDA:2,(anonymous_7)
FNDA:2,(anonymous_8)
FNDA:1,(anonymous_9)
FNDA:2,(anonymous_10)
FNDA:1,(anonymous_11)
DA:1,12
DA:3,12
DA:4,3
DA:5,3
DA:7,3
DA:8,0
DA:13,3
DA:24,0
DA:31,12
DA:32,3
DA:48,3
DA:51,3
DA:53,3
DA:54,0
DA:60,3
DA:61,3
DA:62,3
DA:63,3
DA:64,3
DA:65,3
DA:66,3
DA:67,3
DA:68,3
DA:69,3
DA:72,3
DA:73,3
DA:74,3
DA:75,3
DA:76,1
DA:78,3
DA:80,3
DA:85,0
DA:92,12
DA:93,6
DA:95,6
DA:98,6
DA:99,3
DA:104,3
DA:106,3
DA:107,0
DA:112,3
DA:121,3
DA:123,2
DA:128,1
DA:135,12
DA:136,2
DA:137,2
DA:138,2
DA:140,2
DA:142,2
DA:143,0
DA:148,2
DA:150,2
DA:151,1
DA:157,1
DA:158,2
DA:161,1
DA:163,1
DA:168,0
DA:175,12
DA:176,1
DA:177,1
DA:179,1
DA:181,1
DA:182,0
DA:187,1
DA:188,1
DA:190,1
DA:195,0
DA:202,12
DA:203,3
DA:212,3
DA:215,3
DA:216,2
DA:221,1
DA:223,1
DA:224,0
DA:229,1
DA:239,1
DA:241,1
DA:246,0
DA:253,12
DA:254,2
DA:255,2
DA:256,2
DA:258,2
DA:260,2
DA:261,0
DA:266,2
DA:268,2
DA:269,1
DA:274,1
DA:275,2
DA:278,1
DA:280,1
DA:285,0
DA:292,12
DA:293,1
DA:294,1
DA:296,1
DA:298,1
DA:299,0
DA:304,1
DA:305,1
DA:307,1
DA:312,0
DA:319,12
DA:320,2
DA:321,2
DA:323,2
DA:324,1
DA:329,1
DA:331,1
DA:332,0
DA:337,1
DA:338,1
DA:340,1
DA:345,0
DA:352,12
DA:353,1
DA:354,1
DA:356,1
DA:358,1
DA:359,0
DA:364,1
DA:365,1
DA:367,1
DA:372,0
DA:376,12
LF:129
LH:110
BRDA:7,0,0,0
BRDA:7,0,1,3
BRDA:53,1,0,0
BRDA:53,1,1,3
BRDA:60,2,0,2
BRDA:60,2,1,1
BRDA:61,3,0,2
BRDA:61,3,1,1
BRDA:62,4,0,1
BRDA:62,4,1,2
BRDA:63,5,0,1
BRDA:63,5,1,2
BRDA:64,6,0,1
BRDA:64,6,1,2
BRDA:65,7,0,2
BRDA:65,7,1,1
BRDA:66,8,0,1
BRDA:66,8,1,2
BRDA:67,9,0,1
BRDA:67,9,1,2
BRDA:68,10,0,1
BRDA:68,10,1,2
BRDA:69,11,0,1
BRDA:69,11,1,2
BRDA:72,12,0,0
BRDA:72,12,1,3
BRDA:73,13,0,0
BRDA:73,13,1,3
BRDA:74,14,0,1
BRDA:74,14,1,2
BRDA:75,15,0,1
BRDA:75,15,1,2
BRDA:98,16,0,3
BRDA:98,16,1,3
BRDA:98,17,0,6
BRDA:98,17,1,5
BRDA:98,17,2,4
BRDA:106,18,0,0
BRDA:106,18,1,3
BRDA:117,19,0,3
BRDA:117,19,1,2
BRDA:118,20,0,3
BRDA:118,20,1,2
BRDA:142,21,0,0
BRDA:142,21,1,2
BRDA:150,22,0,1
BRDA:150,22,1,1
BRDA:181,23,0,0
BRDA:181,23,1,1
BRDA:215,24,0,2
BRDA:215,24,1,1
BRDA:215,25,0,3
BRDA:215,25,1,2
BRDA:223,26,0,0
BRDA:223,26,1,1
BRDA:260,27,0,0
BRDA:260,27,1,2
BRDA:268,28,0,1
BRDA:268,28,1,1
BRDA:298,29,0,0
BRDA:298,29,1,1
BRDA:323,30,0,1
BRDA:323,30,1,1
BRDA:331,31,0,0
BRDA:331,31,1,1
BRDA:358,32,0,0
BRDA:358,32,1,1
BRF:67
BRH:55
end_of_record
TN:
SF:controllers\QuestionController.js
FN:7,(anonymous_0)
FN:17,(anonymous_1)
FN:27,(anonymous_2)
FNF:3
FNH:3
FNDA:2,(anonymous_0)
FNDA:3,(anonymous_1)
FNDA:6,(anonymous_2)
DA:1,12
DA:2,12
DA:3,12
DA:5,12
DA:8,2
DA:9,2
DA:10,1
DA:12,1
DA:18,3
DA:19,3
DA:20,2
DA:22,1
DA:28,6
DA:29,6
DA:31,6
DA:32,2
DA:35,4
DA:40,3
DA:42,1
LF:19
LH:19
BRDA:31,0,0,2
BRDA:31,0,1,4
BRDA:31,1,0,6
BRDA:31,1,1,5
BRF:4
BRH:4
end_of_record
TN:
SF:controllers\ResumeController.js
FN:6,(anonymous_0)
FN:58,(anonymous_1)
FN:88,(anonymous_2)
FNF:3
FNH:3
FNDA:2,(anonymous_0)
FNDA:11,(anonymous_1)
FNDA:12,(anonymous_2)
DA:1,12
DA:2,12
DA:3,12
DA:7,2
DA:8,2
DA:9,1
DA:14,1
DA:15,0
DA:23,1
DA:24,1
DA:26,1
DA:27,1
DA:28,1
DA:30,1
DA:31,0
DA:39,1
DA:43,1
DA:52,0
DA:53,0
DA:59,11
DA:60,11
DA:62,11
DA:63,2
DA:69,9
DA:71,9
DA:72,0
DA:79,9
DA:81,9
DA:82,9
DA:83,9
DA:84,9
DA:85,9
DA:86,9
DA:87,9
DA:88,7
DA:89,12
DA:91,9
DA:92,9
DA:94,9
DA:96,8
DA:102,1
DA:103,1
DA:108,12
LF:43
LH:38
BRDA:8,0,0,1
BRDA:8,0,1,1
BRDA:14,1,0,0
BRDA:14,1,1,1
BRDA:30,2,0,0
BRDA:30,2,1,1
BRDA:30,3,0,1
BRDA:30,3,1,1
BRDA:62,4,0,2
BRDA:62,4,1,9
BRDA:62,5,0,11
BRDA:62,5,1,10
BRDA:71,6,0,0
BRDA:71,6,1,9
BRDA:81,7,0,9
BRDA:81,7,1,0
BRDA:83,8,0,2
BRDA:83,8,1,7
BRDA:84,9,0,2
BRDA:84,9,1,7
BRDA:85,10,0,2
BRDA:85,10,1,7
BRDA:86,11,0,2
BRDA:86,11,1,7
BRDA:87,12,0,7
BRDA:87,12,1,2
BRDA:89,13,0,9
BRDA:89,13,1,3
BRDA:91,14,0,4
BRDA:91,14,1,5
BRDA:92,15,0,4
BRDA:92,15,1,5
BRF:32
BRH:28
end_of_record
TN:
SF:controllers\TierController.js
FN:5,(anonymous_0)
FN:19,(anonymous_1)
FNF:2
FNH:2
FNDA:3,(anonymous_0)
FNDA:3,(anonymous_1)
DA:2,12
DA:4,12
DA:6,3
DA:7,3
DA:9,2
DA:14,1
DA:15,1
DA:20,3
DA:21,3
DA:22,3
DA:24,2
DA:25,1
DA:30,1
DA:35,1
DA:36,1
LF:15
LH:15
BRDA:24,0,0,1
BRDA:24,0,1,1
BRF:2
BRH:2
end_of_record
TN:
SF:helpers\bcrypt.js
FN:3,(anonymous_0)
FN:7,(anonymous_1)
FNF:2
FNH:2
FNDA:251,(anonymous_0)
FNDA:7,(anonymous_1)
DA:1,13
DA:3,13
DA:4,251
DA:7,13
DA:8,7
DA:11,13
LF:6
LH:6
BRF:0
BRH:0
end_of_record
TN:
SF:helpers\jwt.js
FN:5,(anonymous_0)
FN:9,(anonymous_1)
FNF:2
FNH:2
FNDA:246,(anonymous_0)
FNDA:177,(anonymous_1)
DA:1,13
DA:3,13
DA:5,13
DA:6,246
DA:9,13
DA:10,177
DA:13,13
LF:7
LH:7
BRDA:3,0,0,13
BRDA:3,0,1,0
BRF:2
BRH:1
end_of_record
TN:
SF:middleware\Authentication.js
FN:4,(anonymous_0)
FNF:1
FNH:1
FNDA:204,(anonymous_0)
DA:1,12
DA:2,12
DA:4,12
DA:5,204
DA:6,204
DA:8,204
DA:9,31
DA:12,173
DA:14,173
DA:15,1
DA:18,172
DA:20,168
DA:22,164
DA:23,19
DA:26,145
DA:32,145
DA:34,59
DA:38,12
LF:18
LH:18
BRDA:8,0,0,31
BRDA:8,0,1,173
BRDA:14,1,0,1
BRDA:14,1,1,172
BRDA:22,2,0,19
BRDA:22,2,1,145
BRF:6
BRH:6
end_of_record
TN:
SF:middleware\ErrorHandler.js
FN:1,(anonymous_0)
FNF:1
FNH:1
FNDA:110,(anonymous_0)
DA:1,13
DA:2,110
DA:3,110
DA:5,110
DA:6,9
DA:7,9
DA:8,101
DA:13,62
DA:14,62
DA:15,39
DA:16,2
DA:17,2
DA:18,37
DA:19,2
DA:20,2
DA:21,35
DA:22,33
DA:25,110
DA:28,13
LF:19
LH:19
BRDA:5,0,0,9
BRDA:5,0,1,101
BRDA:8,1,0,62
BRDA:8,1,1,39
BRDA:9,2,0,101
BRDA:9,2,1,45
BRDA:9,2,2,40
BRDA:14,3,0,62
BRDA:14,3,1,1
BRDA:15,4,0,2
BRDA:15,4,1,37
BRDA:17,5,0,2
BRDA:17,5,1,1
BRDA:18,6,0,2
BRDA:18,6,1,35
BRDA:20,7,0,2
BRDA:20,7,1,1
BRDA:21,8,0,33
BRDA:21,8,1,2
BRF:19
BRH:19
end_of_record
TN:
SF:models\Category.js
FNF:0
FNH:0
DA:2,13
DA:4,13
DA:16,13
LF:3
LH:3
BRF:0
BRH:0
end_of_record
TN:
SF:models\Interview.js
FNF:0
FNH:0
DA:2,13
DA:4,13
DA:12,13
DA:21,13
DA:35,13
LF:5
LH:5
BRF:0
BRH:0
end_of_record
TN:
SF:models\Job.js
FNF:0
FNH:0
DA:2,13
DA:4,13
DA:40,13
LF:3
LH:3
BRF:0
BRH:0
end_of_record
TN:
SF:models\Package.js
FNF:0
FNH:0
DA:2,13
DA:4,13
DA:14,13
LF:3
LH:3
BRF:0
BRH:0
end_of_record
TN:
SF:models\Payment.js
FNF:0
FNH:0
DA:1,13
DA:3,13
DA:54,13
DA:56,13
LF:4
LH:4
BRF:0
BRH:0
end_of_record
TN:
SF:models\Question.js
FNF:0
FNH:0
DA:2,13
DA:4,13
DA:13,13
LF:3
LH:3
BRF:0
BRH:0
end_of_record
TN:
SF:models\Tier.js
FNF:0
FNH:0
DA:2,13
DA:4,13
DA:12,13
LF:3
LH:3
BRF:0
BRH:0
end_of_record
TN:
SF:models\User.js
FNF:0
FNH:0
DA:2,13
DA:4,13
DA:84,13
LF:3
LH:3
BRF:0
BRH:0
end_of_record
