TN:
SF:controllers\AuthController.js
FN:10,(anonymous_0)
FN:48,(anonymous_1)
FN:94,(anonymous_2)
FNF:3
FNH:3
FNDA:7,(anonymous_0)
FNDA:7,(anonymous_1)
FNDA:6,(anonymous_2)
DA:1,12
DA:3,12
DA:4,12
DA:5,12
DA:7,12
DA:11,7
DA:12,7
DA:14,7
DA:15,3
DA:21,4
DA:22,4
DA:23,1
DA:25,3
DA:27,3
DA:35,2
DA:44,5
DA:49,7
DA:50,7
DA:52,7
DA:53,2
DA:59,5
DA:60,4
DA:61,1
DA:64,3
DA:65,1
DA:68,2
DA:69,2
DA:70,1
DA:73,1
DA:78,1
DA:90,6
DA:95,6
DA:96,6
DA:98,6
DA:99,1
DA:106,5
DA:111,4
DA:112,4
DA:115,4
DA:117,3
DA:119,2
DA:120,1
DA:121,1
DA:125,1
DA:134,3
DA:139,3
DA:151,3
DA:156,12
LF:48
LH:48
BRDA:14,0,0,3
BRDA:14,0,1,4
BRDA:14,1,0,7
BRDA:14,1,1,6
BRDA:14,1,2,5
BRDA:22,2,0,1
BRDA:22,2,1,3
BRDA:52,3,0,2
BRDA:52,3,1,5
BRDA:52,4,0,7
BRDA:52,4,1,6
BRDA:60,5,0,1
BRDA:60,5,1,3
BRDA:64,6,0,1
BRDA:64,6,1,2
BRDA:69,7,0,1
BRDA:69,7,1,1
BRDA:98,8,0,1
BRDA:98,8,1,5
BRDA:117,9,0,2
BRDA:117,9,1,1
BRDA:119,10,0,1
BRDA:119,10,1,1
BRF:23
BRH:23
end_of_record
TN:
SF:controllers\CVAiController.js
FN:7,(anonymous_0)
FN:49,(anonymous_1)
FN:93,(anonymous_2)
FN:100,(anonymous_3)
FN:120,(anonymous_4)
FNF:5
FNH:5
FNDA:5,(anonymous_0)
FNDA:3,(anonymous_1)
FNDA:4,(anonymous_2)
FNDA:6,(anonymous_3)
FNDA:4,(anonymous_4)
DA:1,12
DA:2,12
DA:7,12
DA:8,5
DA:9,5
DA:12,5
DA:14,5
DA:15,4
DA:16,4
DA:17,4
DA:28,5
DA:31,4
DA:32,4
DA:33,4
DA:34,4
DA:37,4
DA:42,1
DA:49,12
DA:50,3
DA:51,3
DA:52,3
DA:54,3
DA:56,3
DA:57,0
DA:62,3
DA:64,3
DA:65,1
DA:71,2
DA:77,1
DA:78,1
DA:80,1
DA:86,1
DA:93,12
DA:94,4
DA:95,4
DA:97,4
DA:99,4
DA:100,6
DA:103,4
DA:108,3
DA:113,1
DA:120,12
DA:121,4
DA:122,4
DA:124,4
DA:126,4
DA:127,0
DA:132,4
DA:139,4
DA:142,3
DA:143,1
DA:144,1
DA:147,3
DA:153,1
DA:157,12
LF:55
LH:53
BRDA:14,0,0,4
BRDA:14,0,1,1
BRDA:14,1,0,5
BRDA:14,1,1,3
BRDA:16,2,0,4
BRDA:16,2,1,0
BRDA:16,3,0,4
BRDA:16,3,1,4
BRDA:18,4,0,4
BRDA:18,4,1,2
BRDA:18,4,2,1
BRDA:19,5,0,4
BRDA:19,5,1,4
BRDA:20,6,0,4
BRDA:20,6,1,4
BRDA:21,7,0,4
BRDA:21,7,1,4
BRDA:22,8,0,4
BRDA:22,8,1,4
BRDA:32,9,0,4
BRDA:32,9,1,0
BRDA:56,10,0,0
BRDA:56,10,1,3
BRDA:64,11,0,1
BRDA:64,11,1,2
BRDA:99,12,0,4
BRDA:99,12,1,0
BRDA:99,13,0,4
BRDA:99,13,1,4
BRDA:99,13,2,4
BRDA:100,14,0,6
BRDA:100,14,1,0
BRDA:104,15,0,4
BRDA:104,15,1,1
BRDA:126,16,0,0
BRDA:126,16,1,4
BRDA:133,17,0,4
BRDA:133,17,1,0
BRDA:142,18,0,1
BRDA:142,18,1,2
BRDA:150,19,0,1
BRDA:150,19,1,2
BRF:42
BRH:35
end_of_record
TN:
SF:controllers\InterviewController.js
FN:15,(anonymous_0)
FN:27,(anonymous_1)
FN:44,(anonymous_2)
FN:81,(anonymous_3)
FN:82,(anonymous_4)
FN:85,(anonymous_5)
FN:86,(anonymous_6)
FN:89,(anonymous_7)
FN:90,(anonymous_8)
FN:95,(anonymous_9)
FN:117,(anonymous_10)
FN:138,(anonymous_11)
FN:199,(anonymous_12)
FN:220,(anonymous_13)
FN:239,(anonymous_14)
FN:264,(anonymous_15)
FN:284,(anonymous_16)
FN:408,(anonymous_17)
FN:431,(anonymous_18)
FN:523,(anonymous_19)
FN:539,(anonymous_20)
FN:663,(anonymous_21)
FN:680,(anonymous_22)
FN:711,(anonymous_23)
FNF:24
FNH:22
FNDA:14,(anonymous_0)
FNDA:10,(anonymous_1)
FNDA:10,(anonymous_2)
FNDA:17,(anonymous_3)
FNDA:0,(anonymous_4)
FNDA:17,(anonymous_5)
FNDA:3,(anonymous_6)
FNDA:17,(anonymous_7)
FNDA:0,(anonymous_8)
FNDA:17,(anonymous_9)
FNDA:1,(anonymous_10)
FNDA:7,(anonymous_11)
FNDA:3,(anonymous_12)
FNDA:3,(anonymous_13)
FNDA:3,(anonymous_14)
FNDA:1,(anonymous_15)
FNDA:1,(anonymous_16)
FNDA:1,(anonymous_17)
FNDA:2,(anonymous_18)
FNDA:2,(anonymous_19)
FNDA:4,(anonymous_20)
FNDA:4,(anonymous_21)
FNDA:3,(anonymous_22)
FNDA:2,(anonymous_23)
DA:1,12
DA:3,12
DA:4,12
DA:7,12
DA:9,12
DA:10,12
DA:11,12
DA:12,12
DA:14,12
DA:16,14
DA:19,14
DA:20,4
DA:26,10
DA:27,10
DA:30,10
DA:31,1
DA:36,9
DA:38,9
DA:41,9
DA:42,8
DA:44,10
DA:47,8
DA:51,8
DA:53,8
DA:54,1
DA:59,7
DA:60,7
DA:63,7
DA:65,7
DA:66,1
DA:71,6
DA:79,6
DA:81,17
DA:82,0
DA:85,17
DA:86,3
DA:89,17
DA:90,0
DA:95,17
DA:107,6
DA:111,6
DA:113,1
DA:118,1
DA:119,1
DA:121,1
DA:122,1
DA:126,0
DA:128,0
DA:133,0
DA:134,0
DA:139,7
DA:140,7
DA:143,7
DA:145,7
DA:155,7
DA:163,4
DA:171,4
DA:177,3
DA:187,2
DA:189,2
DA:194,1
DA:195,1
DA:200,3
DA:201,3
DA:204,3
DA:210,2
DA:215,1
DA:216,1
DA:221,3
DA:222,3
DA:224,3
DA:226,2
DA:227,1
DA:232,1
DA:234,1
DA:235,1
DA:240,3
DA:241,3
DA:244,3
DA:246,3
DA:247,1
DA:253,2
DA:254,1
DA:261,1
DA:264,1
DA:271,1
DA:273,1
DA:284,1
DA:392,1
DA:397,1
DA:400,1
DA:404,1
DA:407,1
DA:408,1
DA:411,1
DA:412,1
DA:415,1
DA:421,1
DA:426,0
DA:427,0
DA:432,2
DA:433,2
DA:435,2
DA:439,2
DA:441,1
DA:469,1
DA:500,2
DA:505,2
DA:508,2
DA:511,0
DA:518,2
DA:519,2
DA:524,2
DA:525,2
DA:526,2
DA:528,2
DA:539,4
DA:647,2
DA:652,2
DA:655,2
DA:659,2
DA:662,2
DA:663,4
DA:666,2
DA:667,2
DA:669,2
DA:674,0
DA:675,0
DA:682,3
DA:685,3
DA:688,3
DA:689,3
DA:691,3
DA:702,3
DA:703,2
DA:704,2
DA:707,1
DA:708,1
DA:712,2
DA:714,2
DA:720,2
DA:721,2
DA:722,0
DA:725,0
LF:144
LH:131
BRDA:19,0,0,4
BRDA:19,0,1,10
BRDA:19,1,0,14
BRDA:19,1,1,13
BRDA:19,1,2,12
BRDA:19,1,3,11
BRDA:30,2,0,1
BRDA:30,2,1,9
BRDA:53,3,0,1
BRDA:53,3,1,7
BRDA:65,4,0,1
BRDA:65,4,1,6
BRDA:121,5,0,1
BRDA:121,5,1,0
BRDA:155,6,0,4
BRDA:155,6,1,3
BRDA:156,7,0,7
BRDA:156,7,1,7
BRDA:156,7,2,5
BRDA:156,7,3,5
BRDA:156,7,4,5
BRDA:156,7,5,4
BRDA:226,8,0,1
BRDA:226,8,1,1
BRDA:246,9,0,1
BRDA:246,9,1,2
BRDA:253,10,0,1
BRDA:253,10,1,1
BRDA:267,11,0,1
BRDA:267,11,1,0
BRDA:408,12,0,1
BRDA:408,12,1,0
BRDA:439,13,0,1
BRDA:439,13,1,1
BRDA:515,14,0,0
BRDA:515,14,1,0
BRDA:663,15,0,4
BRDA:663,15,1,0
BRDA:702,16,0,2
BRDA:702,16,1,1
BRDA:704,17,0,2
BRDA:704,17,1,1
BRF:42
BRH:36
end_of_record
TN:
SF:controllers\JobController.js
FN:6,(anonymous_0)
FN:59,(anonymous_1)
FN:86,(anonymous_2)
FN:118,(anonymous_3)
FNF:4
FNH:3
FNDA:9,(anonymous_0)
FNDA:4,(anonymous_1)
FNDA:7,(anonymous_2)
FNDA:0,(anonymous_3)
DA:1,12
DA:2,12
DA:3,12
DA:7,9
DA:10,9
DA:13,9
DA:16,9
DA:17,4
DA:25,9
DA:26,1
DA:30,9
DA:31,1
DA:35,9
DA:41,9
DA:44,8
DA:55,1
DA:60,4
DA:61,4
DA:64,4
DA:66,2
DA:67,1
DA:73,1
DA:78,2
DA:79,2
DA:87,7
DA:88,7
DA:89,7
DA:91,7
DA:93,7
DA:94,2
DA:102,5
DA:105,5
DA:107,5
DA:108,1
DA:118,4
DA:121,4
DA:122,2
DA:125,4
DA:126,1
DA:132,3
DA:135,3
DA:136,3
DA:139,3
DA:146,0
DA:147,0
DA:152,12
LF:46
LH:44
BRDA:10,0,0,8
BRDA:10,1,0,8
BRDA:16,2,0,4
BRDA:16,2,1,5
BRDA:25,3,0,1
BRDA:25,3,1,8
BRDA:30,4,0,1
BRDA:30,4,1,8
BRDA:66,5,0,1
BRDA:66,5,1,1
BRDA:93,6,0,2
BRDA:93,6,1,5
BRDA:93,7,0,7
BRDA:93,7,1,6
BRDA:107,8,0,1
BRDA:107,8,1,4
BRDA:121,9,0,2
BRDA:121,9,1,2
BRDA:125,10,0,1
BRDA:125,10,1,3
BRF:20
BRH:20
end_of_record
TN:
SF:controllers\PackageController.js
FN:5,(anonymous_0)
FN:19,(anonymous_1)
FN:40,(anonymous_2)
FNF:3
FNH:3
FNDA:3,(anonymous_0)
FNDA:3,(anonymous_1)
FNDA:5,(anonymous_2)
DA:2,12
DA:4,12
DA:6,3
DA:7,3
DA:9,2
DA:14,1
DA:15,1
DA:20,3
DA:21,3
DA:22,3
DA:24,2
DA:25,1
DA:30,1
DA:35,1
DA:36,1
DA:41,5
DA:42,5
DA:43,5
DA:45,4
DA:46,1
DA:51,3
DA:56,1
DA:57,1
LF:23
LH:23
BRDA:24,0,0,1
BRDA:24,0,1,1
BRDA:45,1,0,1
BRDA:45,1,1,3
BRF:4
BRH:4
end_of_record
TN:
SF:controllers\PaymentController.js
FN:9,(anonymous_0)
FN:24,(anonymous_1)
FN:90,(anonymous_2)
FN:196,(anonymous_3)
FN:252,(anonymous_4)
FN:264,(anonymous_5)
FN:337,(anonymous_6)
FNF:7
FNH:7
FNDA:1,(anonymous_0)
FNDA:3,(anonymous_1)
FNDA:10,(anonymous_2)
FNDA:4,(anonymous_3)
FNDA:6,(anonymous_4)
FNDA:12,(anonymous_5)
FNDA:1,(anonymous_6)
DA:1,12
DA:2,12
DA:3,12
DA:10,1
DA:11,1
DA:12,1
DA:17,0
DA:25,3
DA:26,3
DA:27,3
DA:30,3
DA:31,3
DA:32,1
DA:39,2
DA:43,2
DA:46,2
DA:53,2
DA:60,2
DA:71,1
DA:83,1
DA:91,10
DA:92,10
DA:93,10
DA:95,10
DA:99,10
DA:101,10
DA:108,10
DA:109,1
DA:112,1
DA:118,9
DA:122,9
DA:124,9
DA:126,9
DA:129,9
DA:130,8
DA:131,1
DA:138,7
DA:139,1
DA:142,1
DA:150,6
DA:153,6
DA:154,2
DA:155,1
DA:156,1
DA:157,1
DA:161,6
DA:166,6
DA:167,6
DA:168,6
DA:169,6
DA:170,6
DA:173,6
DA:174,3
DA:175,3
DA:176,3
DA:177,3
DA:178,3
DA:184,6
DA:189,1
DA:197,4
DA:198,4
DA:201,4
DA:202,3
DA:203,1
DA:211,2
DA:214,2
DA:218,2
DA:219,1
DA:220,1
DA:221,1
DA:224,1
DA:225,1
DA:226,1
DA:227,1
DA:228,1
DA:233,2
DA:245,1
DA:253,6
DA:254,6
DA:255,6
DA:257,6
DA:263,5
DA:264,5
DA:265,12
DA:268,7
DA:269,7
DA:272,7
DA:275,5
DA:276,3
DA:278,3
DA:282,1
DA:287,1
DA:288,1
DA:289,1
DA:290,1
DA:291,1
DA:297,2
DA:301,1
DA:302,1
DA:303,1
DA:307,1
DA:316,5
DA:321,5
DA:323,5
DA:330,1
DA:338,1
DA:339,1
DA:340,1
DA:342,1
DA:343,0
DA:349,1
DA:356,0
DA:361,12
LF:113
LH:110
BRDA:31,0,0,1
BRDA:31,0,1,2
BRDA:49,1,0,2
BRDA:49,1,1,0
BRDA:108,2,0,1
BRDA:108,2,1,9
BRDA:130,3,0,1
BRDA:130,3,1,7
BRDA:138,4,0,1
BRDA:138,4,1,6
BRDA:153,5,0,2
BRDA:153,5,1,4
BRDA:154,6,0,1
BRDA:154,6,1,1
BRDA:156,7,0,1
BRDA:156,7,1,0
BRDA:173,8,0,3
BRDA:173,8,1,3
BRDA:175,9,0,3
BRDA:175,9,1,0
BRDA:202,10,0,1
BRDA:202,10,1,2
BRDA:218,11,0,1
BRDA:218,11,1,1
BRDA:224,12,0,1
BRDA:224,12,1,0
BRDA:226,13,0,1
BRDA:226,13,1,0
BRDA:255,14,0,5
BRDA:255,15,0,5
BRDA:265,16,0,5
BRDA:265,16,1,7
BRDA:287,17,0,1
BRDA:287,17,1,0
BRDA:297,18,0,1
BRDA:297,18,1,1
BRDA:298,19,0,2
BRDA:298,19,1,1
BRDA:342,20,0,0
BRDA:342,20,1,1
BRF:40
BRH:33
end_of_record
TN:
SF:controllers\PdfController.js
FN:7,(anonymous_0)
FN:30,(anonymous_1)
FNF:2
FNH:2
FNDA:4,(anonymous_0)
FNDA:7,(anonymous_1)
DA:1,12
DA:2,12
DA:7,12
DA:8,4
DA:9,4
DA:11,4
DA:14,4
DA:20,3
DA:21,3
DA:23,1
DA:30,12
DA:31,7
DA:32,7
DA:34,7
DA:42,7
DA:43,1
DA:45,6
DA:47,6
DA:50,7
DA:51,1
DA:57,6
DA:59,6
DA:64,5
DA:69,5
DA:71,5
DA:72,5
DA:73,5
DA:75,5
DA:77,1
DA:78,1
DA:82,12
LF:31
LH:31
BRDA:17,0,0,4
BRDA:17,0,1,3
BRDA:42,1,0,1
BRDA:42,1,1,6
BRDA:50,2,0,1
BRDA:50,2,1,6
BRDA:50,3,0,7
BRDA:50,3,1,7
BRDA:60,4,0,6
BRDA:60,4,1,4
BRDA:64,5,0,5
BRDA:64,5,1,0
BRDA:64,5,2,0
BRF:13
BRH:11
end_of_record
TN:
SF:controllers\ProfileController.js
FN:3,(anonymous_0)
FN:26,(anonymous_1)
FN:82,(anonymous_2)
FN:120,(anonymous_3)
FN:137,(anonymous_4)
FN:155,(anonymous_5)
FN:177,(anonymous_6)
FN:223,(anonymous_7)
FN:239,(anonymous_8)
FN:257,(anonymous_9)
FN:279,(anonymous_10)
FN:307,(anonymous_11)
FNF:12
FNH:12
FNDA:3,(anonymous_0)
FNDA:3,(anonymous_1)
FNDA:6,(anonymous_2)
FNDA:3,(anonymous_3)
FNDA:3,(anonymous_4)
FNDA:2,(anonymous_5)
FNDA:4,(anonymous_6)
FNDA:3,(anonymous_7)
FNDA:3,(anonymous_8)
FNDA:2,(anonymous_9)
FNDA:3,(anonymous_10)
FNDA:2,(anonymous_11)
DA:1,12
DA:3,12
DA:4,3
DA:5,3
DA:8,3
DA:19,0
DA:26,12
DA:27,3
DA:43,3
DA:46,3
DA:50,3
DA:51,3
DA:52,3
DA:53,3
DA:54,3
DA:55,3
DA:56,3
DA:57,3
DA:58,3
DA:59,3
DA:62,3
DA:63,3
DA:64,3
DA:65,3
DA:66,1
DA:68,3
DA:70,3
DA:75,0
DA:82,12
DA:83,6
DA:85,6
DA:88,6
DA:89,3
DA:94,3
DA:97,3
DA:106,3
DA:108,2
DA:113,1
DA:120,12
DA:121,3
DA:122,3
DA:123,3
DA:125,3
DA:128,3
DA:130,3
DA:131,1
DA:137,2
DA:138,3
DA:141,2
DA:143,1
DA:148,1
DA:155,12
DA:156,2
DA:157,2
DA:159,2
DA:162,2
DA:163,2
DA:165,1
DA:170,1
DA:177,12
DA:178,4
DA:187,4
DA:190,4
DA:191,2
DA:196,2
DA:199,2
DA:209,2
DA:211,1
DA:216,1
DA:223,12
DA:224,3
DA:225,3
DA:226,3
DA:228,3
DA:231,3
DA:233,3
DA:234,1
DA:239,2
DA:240,3
DA:243,2
DA:245,1
DA:250,1
DA:257,12
DA:258,2
DA:259,2
DA:261,2
DA:264,2
DA:265,2
DA:267,1
DA:272,1
DA:279,12
DA:280,3
DA:281,3
DA:283,3
DA:284,1
DA:289,2
DA:292,2
DA:293,2
DA:295,1
DA:300,1
DA:307,12
DA:308,2
DA:309,2
DA:311,2
DA:314,2
DA:315,2
DA:317,1
DA:322,1
DA:326,12
LF:109
LH:107
BRDA:50,0,0,2
BRDA:50,0,1,1
BRDA:51,1,0,2
BRDA:51,1,1,1
BRDA:52,2,0,1
BRDA:52,2,1,2
BRDA:53,3,0,1
BRDA:53,3,1,2
BRDA:54,4,0,1
BRDA:54,4,1,2
BRDA:55,5,0,2
BRDA:55,5,1,1
BRDA:56,6,0,1
BRDA:56,6,1,2
BRDA:57,7,0,1
BRDA:57,7,1,2
BRDA:58,8,0,1
BRDA:58,8,1,2
BRDA:59,9,0,1
BRDA:59,9,1,2
BRDA:62,10,0,0
BRDA:62,10,1,3
BRDA:63,11,0,0
BRDA:63,11,1,3
BRDA:64,12,0,1
BRDA:64,12,1,2
BRDA:65,13,0,1
BRDA:65,13,1,2
BRDA:88,14,0,3
BRDA:88,14,1,3
BRDA:88,15,0,6
BRDA:88,15,1,5
BRDA:88,15,2,4
BRDA:102,16,0,3
BRDA:102,16,1,2
BRDA:103,17,0,3
BRDA:103,17,1,2
BRDA:130,18,0,1
BRDA:130,18,1,2
BRDA:190,19,0,2
BRDA:190,19,1,2
BRDA:190,20,0,4
BRDA:190,20,1,3
BRDA:233,21,0,1
BRDA:233,21,1,2
BRDA:283,22,0,1
BRDA:283,22,1,2
BRF:47
BRH:45
end_of_record
TN:
SF:controllers\QuestionController.js
FN:7,(anonymous_0)
FN:17,(anonymous_1)
FN:27,(anonymous_2)
FNF:3
FNH:3
FNDA:2,(anonymous_0)
FNDA:3,(anonymous_1)
FNDA:6,(anonymous_2)
DA:1,12
DA:2,12
DA:3,12
DA:5,12
DA:8,2
DA:9,2
DA:10,1
DA:12,1
DA:18,3
DA:19,3
DA:20,2
DA:22,1
DA:28,6
DA:29,6
DA:31,6
DA:32,2
DA:35,4
DA:40,3
DA:42,1
LF:19
LH:19
BRDA:31,0,0,2
BRDA:31,0,1,4
BRDA:31,1,0,6
BRDA:31,1,1,5
BRF:4
BRH:4
end_of_record
TN:
SF:controllers\ResumeController.js
FN:6,(anonymous_0)
FN:53,(anonymous_1)
FN:77,(anonymous_2)
FNF:3
FNH:3
FNDA:2,(anonymous_0)
FNDA:11,(anonymous_1)
FNDA:12,(anonymous_2)
DA:1,12
DA:2,12
DA:3,12
DA:7,2
DA:8,2
DA:9,1
DA:18,1
DA:19,1
DA:21,1
DA:22,1
DA:23,1
DA:25,1
DA:26,0
DA:34,1
DA:38,1
DA:47,0
DA:48,0
DA:54,11
DA:55,11
DA:57,11
DA:58,2
DA:64,9
DA:68,9
DA:70,9
DA:71,9
DA:72,9
DA:73,9
DA:74,9
DA:75,9
DA:76,9
DA:77,7
DA:78,12
DA:80,9
DA:81,9
DA:83,9
DA:85,8
DA:91,1
DA:92,1
DA:97,12
LF:39
LH:36
BRDA:8,0,0,1
BRDA:8,0,1,1
BRDA:25,1,0,0
BRDA:25,1,1,1
BRDA:25,2,0,1
BRDA:25,2,1,1
BRDA:57,3,0,2
BRDA:57,3,1,9
BRDA:57,4,0,11
BRDA:57,4,1,10
BRDA:70,5,0,9
BRDA:70,5,1,0
BRDA:72,6,0,2
BRDA:72,6,1,7
BRDA:73,7,0,2
BRDA:73,7,1,7
BRDA:74,8,0,2
BRDA:74,8,1,7
BRDA:75,9,0,2
BRDA:75,9,1,7
BRDA:76,10,0,7
BRDA:76,10,1,2
BRDA:78,11,0,9
BRDA:78,11,1,3
BRDA:80,12,0,4
BRDA:80,12,1,5
BRDA:81,13,0,4
BRDA:81,13,1,5
BRF:28
BRH:26
end_of_record
TN:
SF:controllers\TierController.js
FN:5,(anonymous_0)
FN:19,(anonymous_1)
FNF:2
FNH:2
FNDA:3,(anonymous_0)
FNDA:3,(anonymous_1)
DA:2,12
DA:4,12
DA:6,3
DA:7,3
DA:9,2
DA:14,1
DA:15,1
DA:20,3
DA:21,3
DA:22,3
DA:24,2
DA:25,1
DA:30,1
DA:35,1
DA:36,1
LF:15
LH:15
BRDA:24,0,0,1
BRDA:24,0,1,1
BRF:2
BRH:2
end_of_record
TN:
SF:helpers\bcrypt.js
FN:3,(anonymous_0)
FN:7,(anonymous_1)
FNF:2
FNH:2
FNDA:283,(anonymous_0)
FNDA:7,(anonymous_1)
DA:1,13
DA:3,13
DA:4,283
DA:7,13
DA:8,7
DA:11,13
LF:6
LH:6
BRF:0
BRH:0
end_of_record
TN:
SF:helpers\jwt.js
FN:5,(anonymous_0)
FN:9,(anonymous_1)
FNF:2
FNH:2
FNDA:278,(anonymous_0)
FNDA:192,(anonymous_1)
DA:1,13
DA:3,13
DA:5,13
DA:6,278
DA:9,13
DA:10,192
DA:13,13
LF:7
LH:7
BRDA:3,0,0,13
BRDA:3,0,1,0
BRF:2
BRH:1
end_of_record
TN:
SF:middleware\Authentication.js
FN:4,(anonymous_0)
FNF:1
FNH:1
FNDA:219,(anonymous_0)
DA:1,12
DA:2,12
DA:4,12
DA:5,219
DA:6,219
DA:8,219
DA:9,31
DA:12,188
DA:14,188
DA:15,1
DA:18,187
DA:20,183
DA:22,176
DA:23,19
DA:26,157
DA:32,157
DA:34,62
DA:38,12
LF:18
LH:18
BRDA:8,0,0,31
BRDA:8,0,1,188
BRDA:14,1,0,1
BRDA:14,1,1,187
BRDA:22,2,0,19
BRDA:22,2,1,157
BRF:6
BRH:6
end_of_record
TN:
SF:middleware\ErrorHandler.js
FN:1,(anonymous_0)
FNF:1
FNH:1
FNDA:124,(anonymous_0)
DA:1,13
DA:2,124
DA:3,124
DA:5,124
DA:6,9
DA:7,9
DA:8,115
DA:13,62
DA:14,62
DA:15,53
DA:16,2
DA:17,2
DA:18,51
DA:19,2
DA:20,2
DA:21,49
DA:22,47
DA:25,124
DA:28,13
LF:19
LH:19
BRDA:5,0,0,9
BRDA:5,0,1,115
BRDA:8,1,0,62
BRDA:8,1,1,53
BRDA:9,2,0,115
BRDA:9,2,1,59
BRDA:9,2,2,54
BRDA:14,3,0,62
BRDA:14,3,1,1
BRDA:15,4,0,2
BRDA:15,4,1,51
BRDA:17,5,0,2
BRDA:17,5,1,1
BRDA:18,6,0,2
BRDA:18,6,1,49
BRDA:20,7,0,2
BRDA:20,7,1,1
BRDA:21,8,0,47
BRDA:21,8,1,2
BRF:19
BRH:19
end_of_record
TN:
SF:models\Category.js
FNF:0
FNH:0
DA:2,13
DA:4,13
DA:16,13
LF:3
LH:3
BRF:0
BRH:0
end_of_record
TN:
SF:models\Interview.js
FNF:0
FNH:0
DA:2,13
DA:4,13
DA:12,13
DA:21,13
DA:35,13
LF:5
LH:5
BRF:0
BRH:0
end_of_record
TN:
SF:models\Job.js
FNF:0
FNH:0
DA:2,13
DA:4,13
DA:40,13
LF:3
LH:3
BRF:0
BRH:0
end_of_record
TN:
SF:models\Package.js
FNF:0
FNH:0
DA:2,13
DA:4,13
DA:14,13
LF:3
LH:3
BRF:0
BRH:0
end_of_record
TN:
SF:models\Payment.js
FNF:0
FNH:0
DA:1,13
DA:3,13
DA:54,13
DA:56,13
LF:4
LH:4
BRF:0
BRH:0
end_of_record
TN:
SF:models\Question.js
FNF:0
FNH:0
DA:2,13
DA:4,13
DA:13,13
LF:3
LH:3
BRF:0
BRH:0
end_of_record
TN:
SF:models\Tier.js
FNF:0
FNH:0
DA:2,13
DA:4,13
DA:12,13
LF:3
LH:3
BRF:0
BRH:0
end_of_record
TN:
SF:models\User.js
FNF:0
FNH:0
DA:2,13
DA:4,13
DA:84,13
LF:3
LH:3
BRF:0
BRH:0
end_of_record
